<?xml version="1.0" encoding="UTF-8"?>
<testsuite name="edu.tec.ic6821.app.common.EmailServiceTests" tests="1" skipped="0" failures="0" errors="0" timestamp="2021-10-25T01:25:50" hostname="DESKTOP-BBT0BUV" time="1.141">
  <properties/>
  <testcase name="shouldSendSampleMail" classname="edu.tec.ic6821.app.common.EmailServiceTests" time="1.141"/>
  <system-out><![CDATA[2021-10-24 19:25:46.421  INFO 6508 --- [    Test worker] .b.t.c.SpringBootTestContextBootstrapper : Neither @ContextConfiguration nor @ContextHierarchy found for test class [edu.tec.ic6821.app.common.EmailServiceTests], using SpringBootContextLoader
2021-10-24 19:25:46.436  INFO 6508 --- [    Test worker] o.s.t.c.support.AbstractContextLoader    : Could not detect default resource locations for test class [edu.tec.ic6821.app.common.EmailServiceTests]: no resource found for suffixes {-context.xml, Context.groovy}.
2021-10-24 19:25:46.436  INFO 6508 --- [    Test worker] t.c.s.AnnotationConfigContextLoaderUtils : Could not detect default configuration classes for test class [edu.tec.ic6821.app.common.EmailServiceTests]: EmailServiceTests does not declare any static, non-private, non-final, nested classes annotated with @Configuration.
2021-10-24 19:25:46.468  INFO 6508 --- [    Test worker] .b.t.c.SpringBootTestContextBootstrapper : Found @SpringBootConfiguration edu.tec.ic6821.app.Application for test class edu.tec.ic6821.app.common.EmailServiceTests
2021-10-24 19:25:46.483  INFO 6508 --- [    Test worker] .b.t.c.SpringBootTestContextBootstrapper : Loaded default TestExecutionListener class names from location [META-INF/spring.factories]: [org.springframework.boot.test.autoconfigure.restdocs.RestDocsTestExecutionListener, org.springframework.boot.test.autoconfigure.web.client.MockRestServiceServerResetTestExecutionListener, org.springframework.boot.test.autoconfigure.web.servlet.MockMvcPrintOnlyOnFailureTestExecutionListener, org.springframework.boot.test.autoconfigure.web.servlet.WebDriverTestExecutionListener, org.springframework.boot.test.mock.mockito.MockitoTestExecutionListener, org.springframework.boot.test.mock.mockito.ResetMocksTestExecutionListener, org.springframework.test.context.web.ServletTestExecutionListener, org.springframework.test.context.support.DirtiesContextBeforeModesTestExecutionListener, org.springframework.test.context.support.DependencyInjectionTestExecutionListener, org.springframework.test.context.support.DirtiesContextTestExecutionListener, org.springframework.test.context.transaction.TransactionalTestExecutionListener, org.springframework.test.context.jdbc.SqlScriptsTestExecutionListener]
2021-10-24 19:25:46.483  INFO 6508 --- [    Test worker] .b.t.c.SpringBootTestContextBootstrapper : Using TestExecutionListeners: [org.springframework.test.context.web.ServletTestExecutionListener@1f4c99e8, org.springframework.test.context.support.DirtiesContextBeforeModesTestExecutionListener@7c437fd3, org.springframework.boot.test.mock.mockito.MockitoTestExecutionListener@a5df444, org.springframework.boot.test.autoconfigure.SpringBootDependencyInjectionTestExecutionListener@29a8fa8a, org.springframework.test.context.support.DirtiesContextTestExecutionListener@52d0b58e, org.springframework.test.context.transaction.TransactionalTestExecutionListener@350ae5e0, org.springframework.test.context.jdbc.SqlScriptsTestExecutionListener@5090c8d1, org.springframework.boot.test.autoconfigure.restdocs.RestDocsTestExecutionListener@3e0214e3, org.springframework.boot.test.autoconfigure.web.client.MockRestServiceServerResetTestExecutionListener@69a9ba68, org.springframework.boot.test.autoconfigure.web.servlet.MockMvcPrintOnlyOnFailureTestExecutionListener@bee7758, org.springframework.boot.test.autoconfigure.web.servlet.WebDriverTestExecutionListener@5deee0b4, org.springframework.boot.test.mock.mockito.ResetMocksTestExecutionListener@73e552e6]

  .   ____          _            __ _ _
 /\\ / ___'_ __ _ _(_)_ __  __ _ \ \ \ \
( ( )\___ | '_ | '_| | '_ \/ _` | \ \ \ \
 \\/  ___)| |_)| | | | | || (_| |  ) ) ) )
  '  |____| .__|_| |_|_| |_\__, | / / / /
 =========|_|==============|___/=/_/_/_/
 :: Spring Boot ::        (v2.1.2.RELEASE)

2021-10-24 19:25:46.561  INFO 6508 --- [    Test worker] e.t.ic6821.app.common.EmailServiceTests  : Starting EmailServiceTests on DESKTOP-BBT0BUV with PID 6508 (started by Brenda in C:\Users\Brenda\Desktop\Proyecto QA\Proyecto-Notas-QA)
2021-10-24 19:25:46.561  INFO 6508 --- [    Test worker] e.t.ic6821.app.common.EmailServiceTests  : No active profile set, falling back to default profiles: default
2021-10-24 19:25:47.139  INFO 6508 --- [    Test worker] .s.d.r.c.RepositoryConfigurationDelegate : Bootstrapping Spring Data repositories in DEFAULT mode.
2021-10-24 19:25:47.171  INFO 6508 --- [    Test worker] .s.d.r.c.RepositoryConfigurationDelegate : Finished Spring Data repository scanning in 32ms. Found 0 repository interfaces.
2021-10-24 19:25:47.342  INFO 6508 --- [    Test worker] trationDelegate$BeanPostProcessorChecker : Bean 'org.springframework.transaction.annotation.ProxyTransactionManagementConfiguration' of type [org.springframework.transaction.annotation.ProxyTransactionManagementConfiguration$$EnhancerBySpringCGLIB$$dc613641] is not eligible for getting processed by all BeanPostProcessors (for example: not eligible for auto-proxying)
2021-10-24 19:25:47.405  INFO 6508 --- [    Test worker] trationDelegate$BeanPostProcessorChecker : Bean 'org.springframework.security.config.annotation.configuration.ObjectPostProcessorConfiguration' of type [org.springframework.security.config.annotation.configuration.ObjectPostProcessorConfiguration$$EnhancerBySpringCGLIB$$750efe7b] is not eligible for getting processed by all BeanPostProcessors (for example: not eligible for auto-proxying)
2021-10-24 19:25:47.421  INFO 6508 --- [    Test worker] trationDelegate$BeanPostProcessorChecker : Bean 'objectPostProcessor' of type [org.springframework.security.config.annotation.configuration.AutowireBeanFactoryObjectPostProcessor] is not eligible for getting processed by all BeanPostProcessors (for example: not eligible for auto-proxying)
2021-10-24 19:25:47.421  INFO 6508 --- [    Test worker] trationDelegate$BeanPostProcessorChecker : Bean 'org.springframework.security.access.expression.method.DefaultMethodSecurityExpressionHandler@609b9793' of type [org.springframework.security.access.expression.method.DefaultMethodSecurityExpressionHandler] is not eligible for getting processed by all BeanPostProcessors (for example: not eligible for auto-proxying)
2021-10-24 19:25:47.436  INFO 6508 --- [    Test worker] trationDelegate$BeanPostProcessorChecker : Bean 'org.springframework.security.config.annotation.method.configuration.GlobalMethodSecurityConfiguration' of type [org.springframework.security.config.annotation.method.configuration.GlobalMethodSecurityConfiguration$$EnhancerBySpringCGLIB$$99e3a12d] is not eligible for getting processed by all BeanPostProcessors (for example: not eligible for auto-proxying)
2021-10-24 19:25:47.452  INFO 6508 --- [    Test worker] trationDelegate$BeanPostProcessorChecker : Bean 'methodSecurityMetadataSource' of type [org.springframework.security.access.method.DelegatingMethodSecurityMetadataSource] is not eligible for getting processed by all BeanPostProcessors (for example: not eligible for auto-proxying)
2021-10-24 19:25:47.624  INFO 6508 --- [    Test worker] com.zaxxer.hikari.HikariDataSource       : HikariPool-2 - Starting...
2021-10-24 19:25:47.624  WARN 6508 --- [    Test worker] com.zaxxer.hikari.util.DriverDataSource  : Registered driver with driverClassName=org.hsqldb.jdbcDriver was not found, trying direct instantiation.
2021-10-24 19:25:47.624  INFO 6508 --- [    Test worker] com.zaxxer.hikari.pool.PoolBase          : HikariPool-2 - Driver does not support get/set network timeout for connections. (característica no soportada)
2021-10-24 19:25:47.624  INFO 6508 --- [    Test worker] com.zaxxer.hikari.HikariDataSource       : HikariPool-2 - Start completed.
2021-10-24 19:25:47.624  INFO 6508 --- [    Test worker] o.f.c.internal.database.DatabaseFactory  : Database: jdbc:hsqldb:mem:testdb (HSQL Database Engine 2.4)
2021-10-24 19:25:47.655  INFO 6508 --- [    Test worker] o.f.core.internal.command.DbValidate     : Successfully validated 2 migrations (execution time 00:00.014s)
2021-10-24 19:25:47.655  INFO 6508 --- [    Test worker] o.f.core.internal.command.DbMigrate      : Current version of schema "PUBLIC": 0002
2021-10-24 19:25:47.655  INFO 6508 --- [    Test worker] o.f.core.internal.command.DbMigrate      : Schema "PUBLIC" is up to date. No migration necessary.
2021-10-24 19:25:47.764  INFO 6508 --- [    Test worker] o.hibernate.jpa.internal.util.LogHelper  : HHH000204: Processing PersistenceUnitInfo [
	name: default
	...]
2021-10-24 19:25:47.796  INFO 6508 --- [    Test worker] org.hibernate.dialect.Dialect            : HHH000400: Using dialect: org.hibernate.dialect.HSQLDialect
2021-10-24 19:25:47.842  INFO 6508 --- [    Test worker] j.LocalContainerEntityManagerFactoryBean : Initialized JPA EntityManagerFactory for persistence unit 'default'
2021-10-24 19:25:48.577  WARN 6508 --- [    Test worker] aWebConfiguration$JpaWebMvcConfiguration : spring.jpa.open-in-view is enabled by default. Therefore, database queries may be performed during view rendering. Explicitly configure spring.jpa.open-in-view to disable this warning
2021-10-24 19:25:48.811  INFO 6508 --- [    Test worker] o.s.s.web.DefaultSecurityFilterChain     : Creating filter chain: any request, [org.springframework.security.web.context.request.async.WebAsyncManagerIntegrationFilter@276101a7, org.springframework.security.web.context.SecurityContextPersistenceFilter@2759ad0d, org.springframework.security.web.header.HeaderWriterFilter@48d4ac1a, org.springframework.web.filter.CorsFilter@741034ad, org.springframework.security.web.authentication.logout.LogoutFilter@5474e101, edu.tec.ic6821.app.identity.config.JwtAuthTokenFilter@3b85e598, org.springframework.security.web.savedrequest.RequestCacheAwareFilter@2967fe0b, org.springframework.security.web.servletapi.SecurityContextHolderAwareRequestFilter@44be2341, org.springframework.security.web.authentication.AnonymousAuthenticationFilter@40b80e52, org.springframework.security.web.session.SessionManagementFilter@51983857, org.springframework.security.web.access.ExceptionTranslationFilter@4b08b70a, org.springframework.security.web.access.intercept.FilterSecurityInterceptor@a697c89]
2021-10-24 19:25:49.452  INFO 6508 --- [    Test worker] o.s.s.concurrent.ThreadPoolTaskExecutor  : Initializing ExecutorService 'applicationTaskExecutor'
2021-10-24 19:25:50.045  INFO 6508 --- [    Test worker] e.t.ic6821.app.common.EmailServiceTests  : Started EmailServiceTests in 3.546 seconds (JVM running for 17.64)
2021-10-24 19:25:51.170  INFO 6508 --- [127.0.0.1:61454] com.icegreen.greenmail.smtp.SmtpManager  : Created user login someone@somemail.com for address someone@somemail.com with password someone@somemail.com because it didn't exist before.
receivedMessages[0] = <!DOCTYPE html>
<html lang="en" xmlns="http://www.w3.org/1999/xhtml">
<head></head>
<body>
<h1>!Hola <span>Fulanito</span>!</h1>
</body>
</html>

]]></system-out>
  <system-err><![CDATA[]]></system-err>
</testsuite>
