<?xml version="1.0" encoding="UTF-8"?>
<testsuite name="edu.tec.ic6821.app.common.EmailServiceTests" tests="1" skipped="0" failures="0" errors="0" timestamp="2021-10-26T23:47:03" hostname="DESKTOP-BBT0BUV" time="1.076">
  <properties/>
  <testcase name="shouldSendSampleMail" classname="edu.tec.ic6821.app.common.EmailServiceTests" time="1.076"/>
  <system-out><![CDATA[2021-10-26 17:47:00.339  INFO 3192 --- [    Test worker] .b.t.c.SpringBootTestContextBootstrapper : Neither @ContextConfiguration nor @ContextHierarchy found for test class [edu.tec.ic6821.app.common.EmailServiceTests], using SpringBootContextLoader
2021-10-26 17:47:00.355  INFO 3192 --- [    Test worker] o.s.t.c.support.AbstractContextLoader    : Could not detect default resource locations for test class [edu.tec.ic6821.app.common.EmailServiceTests]: no resource found for suffixes {-context.xml, Context.groovy}.
2021-10-26 17:47:00.355  INFO 3192 --- [    Test worker] t.c.s.AnnotationConfigContextLoaderUtils : Could not detect default configuration classes for test class [edu.tec.ic6821.app.common.EmailServiceTests]: EmailServiceTests does not declare any static, non-private, non-final, nested classes annotated with @Configuration.
2021-10-26 17:47:00.371  INFO 3192 --- [    Test worker] .b.t.c.SpringBootTestContextBootstrapper : Found @SpringBootConfiguration edu.tec.ic6821.app.Application for test class edu.tec.ic6821.app.common.EmailServiceTests
2021-10-26 17:47:00.386  INFO 3192 --- [    Test worker] .b.t.c.SpringBootTestContextBootstrapper : Loaded default TestExecutionListener class names from location [META-INF/spring.factories]: [org.springframework.boot.test.autoconfigure.restdocs.RestDocsTestExecutionListener, org.springframework.boot.test.autoconfigure.web.client.MockRestServiceServerResetTestExecutionListener, org.springframework.boot.test.autoconfigure.web.servlet.MockMvcPrintOnlyOnFailureTestExecutionListener, org.springframework.boot.test.autoconfigure.web.servlet.WebDriverTestExecutionListener, org.springframework.boot.test.mock.mockito.MockitoTestExecutionListener, org.springframework.boot.test.mock.mockito.ResetMocksTestExecutionListener, org.springframework.test.context.web.ServletTestExecutionListener, org.springframework.test.context.support.DirtiesContextBeforeModesTestExecutionListener, org.springframework.test.context.support.DependencyInjectionTestExecutionListener, org.springframework.test.context.support.DirtiesContextTestExecutionListener, org.springframework.test.context.transaction.TransactionalTestExecutionListener, org.springframework.test.context.jdbc.SqlScriptsTestExecutionListener]
2021-10-26 17:47:00.386  INFO 3192 --- [    Test worker] .b.t.c.SpringBootTestContextBootstrapper : Using TestExecutionListeners: [org.springframework.test.context.web.ServletTestExecutionListener@218ff7c2, org.springframework.test.context.support.DirtiesContextBeforeModesTestExecutionListener@2959021e, org.springframework.boot.test.mock.mockito.MockitoTestExecutionListener@79ee5556, org.springframework.boot.test.autoconfigure.SpringBootDependencyInjectionTestExecutionListener@364db6d2, org.springframework.test.context.support.DirtiesContextTestExecutionListener@68a2763e, org.springframework.test.context.transaction.TransactionalTestExecutionListener@98ac0c6, org.springframework.test.context.jdbc.SqlScriptsTestExecutionListener@2456044, org.springframework.boot.test.autoconfigure.restdocs.RestDocsTestExecutionListener@5965adf8, org.springframework.boot.test.autoconfigure.web.client.MockRestServiceServerResetTestExecutionListener@220d336c, org.springframework.boot.test.autoconfigure.web.servlet.MockMvcPrintOnlyOnFailureTestExecutionListener@7dde4b1b, org.springframework.boot.test.autoconfigure.web.servlet.WebDriverTestExecutionListener@543043a4, org.springframework.boot.test.mock.mockito.ResetMocksTestExecutionListener@204e3eb7]

  .   ____          _            __ _ _
 /\\ / ___'_ __ _ _(_)_ __  __ _ \ \ \ \
( ( )\___ | '_ | '_| | '_ \/ _` | \ \ \ \
 \\/  ___)| |_)| | | | | || (_| |  ) ) ) )
  '  |____| .__|_| |_|_| |_\__, | / / / /
 =========|_|==============|___/=/_/_/_/
 :: Spring Boot ::        (v2.1.2.RELEASE)

2021-10-26 17:47:00.433  INFO 3192 --- [    Test worker] e.t.ic6821.app.common.EmailServiceTests  : Starting EmailServiceTests on DESKTOP-BBT0BUV with PID 3192 (started by Brenda in C:\Users\Brenda\Desktop\Proyecto QA\Proyecto-Notas-QA)
2021-10-26 17:47:00.433  INFO 3192 --- [    Test worker] e.t.ic6821.app.common.EmailServiceTests  : No active profile set, falling back to default profiles: default
2021-10-26 17:47:00.902  INFO 3192 --- [    Test worker] .s.d.r.c.RepositoryConfigurationDelegate : Bootstrapping Spring Data repositories in DEFAULT mode.
2021-10-26 17:47:00.933  INFO 3192 --- [    Test worker] .s.d.r.c.RepositoryConfigurationDelegate : Finished Spring Data repository scanning in 31ms. Found 0 repository interfaces.
2021-10-26 17:47:01.105  INFO 3192 --- [    Test worker] trationDelegate$BeanPostProcessorChecker : Bean 'org.springframework.transaction.annotation.ProxyTransactionManagementConfiguration' of type [org.springframework.transaction.annotation.ProxyTransactionManagementConfiguration$$EnhancerBySpringCGLIB$$32ea735f] is not eligible for getting processed by all BeanPostProcessors (for example: not eligible for auto-proxying)
2021-10-26 17:47:01.152  INFO 3192 --- [    Test worker] trationDelegate$BeanPostProcessorChecker : Bean 'org.springframework.security.config.annotation.configuration.ObjectPostProcessorConfiguration' of type [org.springframework.security.config.annotation.configuration.ObjectPostProcessorConfiguration$$EnhancerBySpringCGLIB$$cb983b99] is not eligible for getting processed by all BeanPostProcessors (for example: not eligible for auto-proxying)
2021-10-26 17:47:01.167  INFO 3192 --- [    Test worker] trationDelegate$BeanPostProcessorChecker : Bean 'objectPostProcessor' of type [org.springframework.security.config.annotation.configuration.AutowireBeanFactoryObjectPostProcessor] is not eligible for getting processed by all BeanPostProcessors (for example: not eligible for auto-proxying)
2021-10-26 17:47:01.167  INFO 3192 --- [    Test worker] trationDelegate$BeanPostProcessorChecker : Bean 'org.springframework.security.access.expression.method.DefaultMethodSecurityExpressionHandler@376f5d7a' of type [org.springframework.security.access.expression.method.DefaultMethodSecurityExpressionHandler] is not eligible for getting processed by all BeanPostProcessors (for example: not eligible for auto-proxying)
2021-10-26 17:47:01.183  INFO 3192 --- [    Test worker] trationDelegate$BeanPostProcessorChecker : Bean 'org.springframework.security.config.annotation.method.configuration.GlobalMethodSecurityConfiguration' of type [org.springframework.security.config.annotation.method.configuration.GlobalMethodSecurityConfiguration$$EnhancerBySpringCGLIB$$f06cde4b] is not eligible for getting processed by all BeanPostProcessors (for example: not eligible for auto-proxying)
2021-10-26 17:47:01.183  INFO 3192 --- [    Test worker] trationDelegate$BeanPostProcessorChecker : Bean 'methodSecurityMetadataSource' of type [org.springframework.security.access.method.DelegatingMethodSecurityMetadataSource] is not eligible for getting processed by all BeanPostProcessors (for example: not eligible for auto-proxying)
2021-10-26 17:47:01.324  INFO 3192 --- [    Test worker] com.zaxxer.hikari.HikariDataSource       : HikariPool-2 - Starting...
2021-10-26 17:47:01.324  WARN 3192 --- [    Test worker] com.zaxxer.hikari.util.DriverDataSource  : Registered driver with driverClassName=org.hsqldb.jdbcDriver was not found, trying direct instantiation.
2021-10-26 17:47:01.324  INFO 3192 --- [    Test worker] com.zaxxer.hikari.pool.PoolBase          : HikariPool-2 - Driver does not support get/set network timeout for connections. (característica no soportada)
2021-10-26 17:47:01.324  INFO 3192 --- [    Test worker] com.zaxxer.hikari.HikariDataSource       : HikariPool-2 - Start completed.
2021-10-26 17:47:01.324  INFO 3192 --- [    Test worker] o.f.c.internal.database.DatabaseFactory  : Database: jdbc:hsqldb:mem:testdb (HSQL Database Engine 2.4)
2021-10-26 17:47:01.339  INFO 3192 --- [    Test worker] o.f.core.internal.command.DbValidate     : Successfully validated 2 migrations (execution time 00:00.011s)
2021-10-26 17:47:01.355  INFO 3192 --- [    Test worker] o.f.core.internal.command.DbMigrate      : Current version of schema "PUBLIC": 0002
2021-10-26 17:47:01.355  INFO 3192 --- [    Test worker] o.f.core.internal.command.DbMigrate      : Schema "PUBLIC" is up to date. No migration necessary.
2021-10-26 17:47:01.495  INFO 3192 --- [    Test worker] o.hibernate.jpa.internal.util.LogHelper  : HHH000204: Processing PersistenceUnitInfo [
	name: default
	...]
2021-10-26 17:47:01.511  INFO 3192 --- [    Test worker] org.hibernate.dialect.Dialect            : HHH000400: Using dialect: org.hibernate.dialect.HSQLDialect
2021-10-26 17:47:01.558  INFO 3192 --- [    Test worker] j.LocalContainerEntityManagerFactoryBean : Initialized JPA EntityManagerFactory for persistence unit 'default'
2021-10-26 17:47:02.074  WARN 3192 --- [    Test worker] aWebConfiguration$JpaWebMvcConfiguration : spring.jpa.open-in-view is enabled by default. Therefore, database queries may be performed during view rendering. Explicitly configure spring.jpa.open-in-view to disable this warning
2021-10-26 17:47:02.261  INFO 3192 --- [    Test worker] o.s.s.web.DefaultSecurityFilterChain     : Creating filter chain: any request, [org.springframework.security.web.context.request.async.WebAsyncManagerIntegrationFilter@2bf83ae5, org.springframework.security.web.context.SecurityContextPersistenceFilter@614ecb74, org.springframework.security.web.header.HeaderWriterFilter@2cdc3671, org.springframework.web.filter.CorsFilter@44753a37, org.springframework.security.web.authentication.logout.LogoutFilter@7f71b8fc, edu.tec.ic6821.app.identity.config.JwtAuthTokenFilter@2c558403, org.springframework.security.web.savedrequest.RequestCacheAwareFilter@1892d38a, org.springframework.security.web.servletapi.SecurityContextHolderAwareRequestFilter@43d0b8a1, org.springframework.security.web.authentication.AnonymousAuthenticationFilter@73a4f388, org.springframework.security.web.session.SessionManagementFilter@cc6459d, org.springframework.security.web.access.ExceptionTranslationFilter@4480d30a, org.springframework.security.web.access.intercept.FilterSecurityInterceptor@6966f405]
2021-10-26 17:47:02.745  INFO 3192 --- [    Test worker] o.s.s.concurrent.ThreadPoolTaskExecutor  : Initializing ExecutorService 'applicationTaskExecutor'
2021-10-26 17:47:03.245  INFO 3192 --- [    Test worker] e.t.ic6821.app.common.EmailServiceTests  : Started EmailServiceTests in 2.859 seconds (JVM running for 16.141)
2021-10-26 17:47:04.308  INFO 3192 --- [127.0.0.1:63914] com.icegreen.greenmail.smtp.SmtpManager  : Created user login someone@somemail.com for address someone@somemail.com with password someone@somemail.com because it didn't exist before.
receivedMessages[0] = <!DOCTYPE html>
<html lang="en" xmlns="http://www.w3.org/1999/xhtml">
<head></head>
<body>
<h1>!Hola <span>Fulanito</span>!</h1>
</body>
</html>

]]></system-out>
  <system-err><![CDATA[]]></system-err>
</testsuite>
